<?xml version="1.0" encoding="UTF-8"?>
<persistence version="2.2"
	xmlns="http://xmlns.jcp.org/xml/ns/persistence"
	xmlns:xsi="http://www.w3.org/2001/XMLSchema-instance"
	xsi:schemaLocation="http://xmlns.jcp.org/xml/ns/persistence
        http://xmlns.jcp.org/xml/ns/persistence/persistence_2_2.xsd">
  
    <persistence-unit name="arquillian-test" transaction-type="JTA">
        <jta-data-source>jdbc/arquillian</jta-data-source>

		<class>it.unifi.ing.swam.model.BaseEntity</class>
		
		<class>it.unifi.ing.swam.model.Booking</class>
		<class>it.unifi.ing.swam.model.Country</class>
		<class>it.unifi.ing.swam.model.Flight</class>
		<class>it.unifi.ing.swam.model.Airport</class>
		<class>it.unifi.ing.swam.model.Passenger</class>
		<class>it.unifi.ing.swam.model.User</class>
		<class>it.unifi.ing.swam.model.UserRole</class>
		
        <exclude-unlisted-classes>true</exclude-unlisted-classes>

        <properties>
            <property name="hibernate.hbm2ddl.auto" value="create-drop" />
            <property name="javax.persistence.jdbc.driver" value="org.h2.Driver" />
            <property name="hibernate.format_sql" value="true" />
            <property name="hibernate.dialect" value="org.hibernate.dialect.H2Dialect" />
        </properties>
    </persistence-unit>

</persistence>
